Determining if the pthread_create exist failed with the following output:
Change Dir: /home/mivia/EserciziRobotica/Robotica/WS_URDF/build/my_urdf/CMakeFiles/CMakeTmp

Run Build Command:"/usr/bin/make" "cmTC_e3934/fast"
/usr/bin/make -f CMakeFiles/cmTC_e3934.dir/build.make CMakeFiles/cmTC_e3934.dir/build
make[1]: Entering directory '/home/mivia/EserciziRobotica/Robotica/WS_URDF/build/my_urdf/CMakeFiles/CMakeTmp'
Building C object CMakeFiles/cmTC_e3934.dir/CheckSymbolExists.c.o
/usr/bin/cc    -o CMakeFiles/cmTC_e3934.dir/CheckSymbolExists.c.o   -c /home/mivia/EserciziRobotica/Robotica/WS_URDF/build/my_urdf/CMakeFiles/CMakeTmp/CheckSymbolExists.c
Linking C executable cmTC_e3934
/usr/bin/cmake -E cmake_link_script CMakeFiles/cmTC_e3934.dir/link.txt --verbose=1
/usr/bin/cc      -rdynamic CMakeFiles/cmTC_e3934.dir/CheckSymbolExists.c.o  -o cmTC_e3934 
CMakeFiles/cmTC_e3934.dir/CheckSymbolExists.c.o: In function `main':
CheckSymbolExists.c:(.text+0x1b): undefined reference to `pthread_create'
collect2: error: ld returned 1 exit status
CMakeFiles/cmTC_e3934.dir/build.make:97: recipe for target 'cmTC_e3934' failed
make[1]: *** [cmTC_e3934] Error 1
make[1]: Leaving directory '/home/mivia/EserciziRobotica/Robotica/WS_URDF/build/my_urdf/CMakeFiles/CMakeTmp'
Makefile:126: recipe for target 'cmTC_e3934/fast' failed
make: *** [cmTC_e3934/fast] Error 2

File /home/mivia/EserciziRobotica/Robotica/WS_URDF/build/my_urdf/CMakeFiles/CMakeTmp/CheckSymbolExists.c:
/* */
#include <pthread.h>

int main(int argc, char** argv)
{
  (void)argv;
#ifndef pthread_create
  return ((int*)(&pthread_create))[argc];
#else
  (void)argc;
  return 0;
#endif
}

Determining if the function pthread_create exists in the pthreads failed with the following output:
Change Dir: /home/mivia/EserciziRobotica/Robotica/WS_URDF/build/my_urdf/CMakeFiles/CMakeTmp

Run Build Command:"/usr/bin/make" "cmTC_17563/fast"
/usr/bin/make -f CMakeFiles/cmTC_17563.dir/build.make CMakeFiles/cmTC_17563.dir/build
make[1]: Entering directory '/home/mivia/EserciziRobotica/Robotica/WS_URDF/build/my_urdf/CMakeFiles/CMakeTmp'
Building C object CMakeFiles/cmTC_17563.dir/CheckFunctionExists.c.o
/usr/bin/cc   -DCHECK_FUNCTION_EXISTS=pthread_create   -o CMakeFiles/cmTC_17563.dir/CheckFunctionExists.c.o   -c /usr/share/cmake-3.10/Modules/CheckFunctionExists.c
Linking C executable cmTC_17563
/usr/bin/cmake -E cmake_link_script CMakeFiles/cmTC_17563.dir/link.txt --verbose=1
/usr/bin/cc  -DCHECK_FUNCTION_EXISTS=pthread_create    -rdynamic CMakeFiles/cmTC_17563.dir/CheckFunctionExists.c.o  -o cmTC_17563 -lpthreads 
/usr/bin/ld: cannot find -lpthreads
collect2: error: ld returned 1 exit status
CMakeFiles/cmTC_17563.dir/build.make:97: recipe for target 'cmTC_17563' failed
make[1]: *** [cmTC_17563] Error 1
make[1]: Leaving directory '/home/mivia/EserciziRobotica/Robotica/WS_URDF/build/my_urdf/CMakeFiles/CMakeTmp'
Makefile:126: recipe for target 'cmTC_17563/fast' failed
make: *** [cmTC_17563/fast] Error 2


