CMakeFiles/sensors.dir/sensors/sensors.cpp.o: In function `main':
sensors.cpp:(.text+0x72): undefined reference to `ros::init(int&, char**, std::__cxx11::basic_string<char, std::char_traits<char>, std::allocator<char> > const&, unsigned int)'
sensors.cpp:(.text+0x104): undefined reference to `ros::NodeHandle::NodeHandle(std::__cxx11::basic_string<char, std::char_traits<char>, std::allocator<char> > const&, std::map<std::__cxx11::basic_string<char, std::char_traits<char>, std::allocator<char> >, std::__cxx11::basic_string<char, std::char_traits<char>, std::allocator<char> >, std::less<std::__cxx11::basic_string<char, std::char_traits<char>, std::allocator<char> > >, std::allocator<std::pair<std::__cxx11::basic_string<char, std::char_traits<char>, std::allocator<char> > const, std::__cxx11::basic_string<char, std::char_traits<char>, std::allocator<char> > > > > const&)'
sensors.cpp:(.text+0x1c8): undefined reference to `ros::ok()'
sensors.cpp:(.text+0x1d7): undefined reference to `ros::console::g_initialized'
sensors.cpp:(.text+0x1e7): undefined reference to `ros::console::initialize()'
sensors.cpp:(.text+0x240): undefined reference to `ros::console::initializeLogLocation(ros::console::LogLocation*, std::__cxx11::basic_string<char, std::char_traits<char>, std::allocator<char> > const&, ros::console::levels::Level)'
sensors.cpp:(.text+0x283): undefined reference to `ros::console::setLogLocationLevel(ros::console::LogLocation*, ros::console::levels::Level)'
sensors.cpp:(.text+0x28f): undefined reference to `ros::console::checkLogLocationEnabled(ros::console::LogLocation*)'
sensors.cpp:(.text+0x2ea): undefined reference to `ros::console::print(ros::console::FilterBase*, void*, ros::console::levels::Level, char const*, int, char const*, char const*, ...)'
sensors.cpp:(.text+0x2f3): undefined reference to `ros::spinOnce()'
sensors.cpp:(.text+0x32a): undefined reference to `ros::Publisher::~Publisher()'
sensors.cpp:(.text+0x339): undefined reference to `ros::NodeHandle::~NodeHandle()'
sensors.cpp:(.text+0x426): undefined reference to `ros::Publisher::~Publisher()'
sensors.cpp:(.text+0x435): undefined reference to `ros::NodeHandle::~NodeHandle()'
CMakeFiles/sensors.dir/sensors/sensors.cpp.o: In function `ros::Publisher ros::NodeHandle::advertise<std_msgs::String_<std::allocator<void> > >(std::__cxx11::basic_string<char, std::char_traits<char>, std::allocator<char> > const&, unsigned int, bool)':
sensors.cpp:(.text._ZN3ros10NodeHandle9advertiseIN8std_msgs7String_ISaIvEEEEENS_9PublisherERKNSt7__cxx1112basic_stringIcSt11char_traitsIcESaIcEEEjb[_ZN3ros10NodeHandle9advertiseIN8std_msgs7String_ISaIvEEEEENS_9PublisherERKNSt7__cxx1112basic_stringIcSt11char_traitsIcESaIcEEEjb]+0xdd): undefined reference to `ros::NodeHandle::advertise(ros::AdvertiseOptions&)'
collect2: error: ld returned 1 exit status
make[2]: *** [/home/mivia/EserciziRobotica/Robotica/WS_CONTROLLER_SENSORS/devel/.private/controller_sensors/lib/controller_sensors/sensors] Error 1
make[1]: *** [CMakeFiles/sensors.dir/all] Error 2
make: *** [all] Error 2
