Linked: (/home/mivia/EserciziRobotica/Robotica/WS_CONTROLLER_SENSORS/devel/.private/controller_sensors/lib/python2.7/dist-packages/controller_sensors/__init__.py, /home/mivia/EserciziRobotica/Robotica/WS_CONTROLLER_SENSORS/devel/lib/python2.7/dist-packages/controller_sensors/__init__.py)
Linked: (/home/mivia/EserciziRobotica/Robotica/WS_CONTROLLER_SENSORS/devel/.private/controller_sensors/lib/python2.7/dist-packages/controller_sensors/msg/_DataArray.py, /home/mivia/EserciziRobotica/Robotica/WS_CONTROLLER_SENSORS/devel/lib/python2.7/dist-packages/controller_sensors/msg/_DataArray.py)
Linked: (/home/mivia/EserciziRobotica/Robotica/WS_CONTROLLER_SENSORS/devel/.private/controller_sensors/lib/python2.7/dist-packages/controller_sensors/msg/_InfoData.py, /home/mivia/EserciziRobotica/Robotica/WS_CONTROLLER_SENSORS/devel/lib/python2.7/dist-packages/controller_sensors/msg/_InfoData.py)
Linked: (/home/mivia/EserciziRobotica/Robotica/WS_CONTROLLER_SENSORS/devel/.private/controller_sensors/lib/python2.7/dist-packages/controller_sensors/msg/__init__.py, /home/mivia/EserciziRobotica/Robotica/WS_CONTROLLER_SENSORS/devel/lib/python2.7/dist-packages/controller_sensors/msg/__init__.py)
Linked: (/home/mivia/EserciziRobotica/Robotica/WS_CONTROLLER_SENSORS/devel/.private/controller_sensors/lib/controller_sensors/controller_sensors, /home/mivia/EserciziRobotica/Robotica/WS_CONTROLLER_SENSORS/devel/lib/controller_sensors/controller_sensors)
Linked: (/home/mivia/EserciziRobotica/Robotica/WS_CONTROLLER_SENSORS/devel/.private/controller_sensors/lib/controller_sensors/sensors, /home/mivia/EserciziRobotica/Robotica/WS_CONTROLLER_SENSORS/devel/lib/controller_sensors/sensors)
Linked: (/home/mivia/EserciziRobotica/Robotica/WS_CONTROLLER_SENSORS/devel/.private/controller_sensors/lib/controller_sensors/controller, /home/mivia/EserciziRobotica/Robotica/WS_CONTROLLER_SENSORS/devel/lib/controller_sensors/controller)
Linked: (/home/mivia/EserciziRobotica/Robotica/WS_CONTROLLER_SENSORS/devel/.private/controller_sensors/lib/pkgconfig/controller_sensors.pc, /home/mivia/EserciziRobotica/Robotica/WS_CONTROLLER_SENSORS/devel/lib/pkgconfig/controller_sensors.pc)
Linked: (/home/mivia/EserciziRobotica/Robotica/WS_CONTROLLER_SENSORS/devel/.private/controller_sensors/include/controller_sensors/InfoData.h, /home/mivia/EserciziRobotica/Robotica/WS_CONTROLLER_SENSORS/devel/include/controller_sensors/InfoData.h)
Linked: (/home/mivia/EserciziRobotica/Robotica/WS_CONTROLLER_SENSORS/devel/.private/controller_sensors/include/controller_sensors/DataArray.h, /home/mivia/EserciziRobotica/Robotica/WS_CONTROLLER_SENSORS/devel/include/controller_sensors/DataArray.h)
Linked: (/home/mivia/EserciziRobotica/Robotica/WS_CONTROLLER_SENSORS/devel/.private/controller_sensors/share/gennodejs/ros/controller_sensors/_index.js, /home/mivia/EserciziRobotica/Robotica/WS_CONTROLLER_SENSORS/devel/share/gennodejs/ros/controller_sensors/_index.js)
Linked: (/home/mivia/EserciziRobotica/Robotica/WS_CONTROLLER_SENSORS/devel/.private/controller_sensors/share/gennodejs/ros/controller_sensors/msg/InfoData.js, /home/mivia/EserciziRobotica/Robotica/WS_CONTROLLER_SENSORS/devel/share/gennodejs/ros/controller_sensors/msg/InfoData.js)
Linked: (/home/mivia/EserciziRobotica/Robotica/WS_CONTROLLER_SENSORS/devel/.private/controller_sensors/share/gennodejs/ros/controller_sensors/msg/_index.js, /home/mivia/EserciziRobotica/Robotica/WS_CONTROLLER_SENSORS/devel/share/gennodejs/ros/controller_sensors/msg/_index.js)
Linked: (/home/mivia/EserciziRobotica/Robotica/WS_CONTROLLER_SENSORS/devel/.private/controller_sensors/share/gennodejs/ros/controller_sensors/msg/DataArray.js, /home/mivia/EserciziRobotica/Robotica/WS_CONTROLLER_SENSORS/devel/share/gennodejs/ros/controller_sensors/msg/DataArray.js)
Linked: (/home/mivia/EserciziRobotica/Robotica/WS_CONTROLLER_SENSORS/devel/.private/controller_sensors/share/controller_sensors/cmake/controller_sensors-msg-extras.cmake, /home/mivia/EserciziRobotica/Robotica/WS_CONTROLLER_SENSORS/devel/share/controller_sensors/cmake/controller_sensors-msg-extras.cmake)
Linked: (/home/mivia/EserciziRobotica/Robotica/WS_CONTROLLER_SENSORS/devel/.private/controller_sensors/share/controller_sensors/cmake/controller_sensorsConfig.cmake, /home/mivia/EserciziRobotica/Robotica/WS_CONTROLLER_SENSORS/devel/share/controller_sensors/cmake/controller_sensorsConfig.cmake)
Linked: (/home/mivia/EserciziRobotica/Robotica/WS_CONTROLLER_SENSORS/devel/.private/controller_sensors/share/controller_sensors/cmake/controller_sensorsConfig-version.cmake, /home/mivia/EserciziRobotica/Robotica/WS_CONTROLLER_SENSORS/devel/share/controller_sensors/cmake/controller_sensorsConfig-version.cmake)
Linked: (/home/mivia/EserciziRobotica/Robotica/WS_CONTROLLER_SENSORS/devel/.private/controller_sensors/share/controller_sensors/cmake/controller_sensors-msg-paths.cmake, /home/mivia/EserciziRobotica/Robotica/WS_CONTROLLER_SENSORS/devel/share/controller_sensors/cmake/controller_sensors-msg-paths.cmake)
Linked: (/home/mivia/EserciziRobotica/Robotica/WS_CONTROLLER_SENSORS/devel/.private/controller_sensors/share/common-lisp/ros/controller_sensors/msg/controller_sensors-msg.asd, /home/mivia/EserciziRobotica/Robotica/WS_CONTROLLER_SENSORS/devel/share/common-lisp/ros/controller_sensors/msg/controller_sensors-msg.asd)
Linked: (/home/mivia/EserciziRobotica/Robotica/WS_CONTROLLER_SENSORS/devel/.private/controller_sensors/share/common-lisp/ros/controller_sensors/msg/DataArray.lisp, /home/mivia/EserciziRobotica/Robotica/WS_CONTROLLER_SENSORS/devel/share/common-lisp/ros/controller_sensors/msg/DataArray.lisp)
Linked: (/home/mivia/EserciziRobotica/Robotica/WS_CONTROLLER_SENSORS/devel/.private/controller_sensors/share/common-lisp/ros/controller_sensors/msg/InfoData.lisp, /home/mivia/EserciziRobotica/Robotica/WS_CONTROLLER_SENSORS/devel/share/common-lisp/ros/controller_sensors/msg/InfoData.lisp)
Linked: (/home/mivia/EserciziRobotica/Robotica/WS_CONTROLLER_SENSORS/devel/.private/controller_sensors/share/common-lisp/ros/controller_sensors/msg/_package_InfoData.lisp, /home/mivia/EserciziRobotica/Robotica/WS_CONTROLLER_SENSORS/devel/share/common-lisp/ros/controller_sensors/msg/_package_InfoData.lisp)
Linked: (/home/mivia/EserciziRobotica/Robotica/WS_CONTROLLER_SENSORS/devel/.private/controller_sensors/share/common-lisp/ros/controller_sensors/msg/_package.lisp, /home/mivia/EserciziRobotica/Robotica/WS_CONTROLLER_SENSORS/devel/share/common-lisp/ros/controller_sensors/msg/_package.lisp)
Linked: (/home/mivia/EserciziRobotica/Robotica/WS_CONTROLLER_SENSORS/devel/.private/controller_sensors/share/common-lisp/ros/controller_sensors/msg/_package_DataArray.lisp, /home/mivia/EserciziRobotica/Robotica/WS_CONTROLLER_SENSORS/devel/share/common-lisp/ros/controller_sensors/msg/_package_DataArray.lisp)
Linked: (/home/mivia/EserciziRobotica/Robotica/WS_CONTROLLER_SENSORS/devel/.private/controller_sensors/share/roseus/ros/controller_sensors/manifest.l, /home/mivia/EserciziRobotica/Robotica/WS_CONTROLLER_SENSORS/devel/share/roseus/ros/controller_sensors/manifest.l)
Linked: (/home/mivia/EserciziRobotica/Robotica/WS_CONTROLLER_SENSORS/devel/.private/controller_sensors/share/roseus/ros/controller_sensors/msg/DataArray.l, /home/mivia/EserciziRobotica/Robotica/WS_CONTROLLER_SENSORS/devel/share/roseus/ros/controller_sensors/msg/DataArray.l)
Linked: (/home/mivia/EserciziRobotica/Robotica/WS_CONTROLLER_SENSORS/devel/.private/controller_sensors/share/roseus/ros/controller_sensors/msg/InfoData.l, /home/mivia/EserciziRobotica/Robotica/WS_CONTROLLER_SENSORS/devel/share/roseus/ros/controller_sensors/msg/InfoData.l)
