[01m[K/home/mivia/EserciziRobotica/Robotica/WS_CONTROLLER_SENSORS/src/controller_sensors/sensors/sensors.cpp:[m[K In function ‘[01m[Kint main(int, char**)[m[K’:
[01m[K/home/mivia/EserciziRobotica/Robotica/WS_CONTROLLER_SENSORS/src/controller_sensors/sensors/sensors.cpp:10:47:[m[K [01;31m[Kerror: [m[K‘[01m[KString[m[K’ is not a member of ‘[01m[Kstd_msgs[m[K’
     ros::Publisher p = nH.advertise<std_msgs::[01;31m[KString[m[K>("rosout",1000);
                                               [01;31m[K^~~~~~[m[K
[01m[K/home/mivia/EserciziRobotica/Robotica/WS_CONTROLLER_SENSORS/src/controller_sensors/sensors/sensors.cpp:10:47:[m[K [01;31m[Kerror: [m[K‘[01m[KString[m[K’ is not a member of ‘[01m[Kstd_msgs[m[K’
[01m[K/home/mivia/EserciziRobotica/Robotica/WS_CONTROLLER_SENSORS/src/controller_sensors/sensors/sensors.cpp:10:68:[m[K [01;31m[Kerror: [m[Kno matching function for call to ‘[01m[Kros::NodeHandle::advertise<<expression error> >(const char [7], int)[m[K’
     ros::Publisher p = nH.advertise<std_msgs::String>("rosout",1000[01;31m[K)[m[K;
                                                                    [01;31m[K^[m[K
In file included from [01m[K/opt/ros/melodic/include/ros/ros.h:45:0[m[K,
                 from [01m[K/home/mivia/EserciziRobotica/Robotica/WS_CONTROLLER_SENSORS/src/controller_sensors/sensors/sensors.cpp:2[m[K:
[01m[K/opt/ros/melodic/include/ros/node_handle.h:249:15:[m[K [01;36m[Knote: [m[Kcandidate: template<class M> ros::Publisher ros::NodeHandle::advertise(const string&, uint32_t, bool)
     Publisher [01;36m[Kadvertise[m[K(const std::string& topic, uint32_t queue_size, bool latch = false)
               [01;36m[K^~~~~~~~~[m[K
[01m[K/opt/ros/melodic/include/ros/node_handle.h:249:15:[m[K [01;36m[Knote: [m[K  template argument deduction/substitution failed:
[01m[K/home/mivia/EserciziRobotica/Robotica/WS_CONTROLLER_SENSORS/src/controller_sensors/sensors/sensors.cpp:10:68:[m[K [01;31m[Kerror: [m[Ktemplate argument 1 is invalid
     ros::Publisher p = nH.advertise<std_msgs::String>("rosout",1000[01;31m[K)[m[K;
                                                                    [01;31m[K^[m[K
In file included from [01m[K/opt/ros/melodic/include/ros/ros.h:45:0[m[K,
                 from [01m[K/home/mivia/EserciziRobotica/Robotica/WS_CONTROLLER_SENSORS/src/controller_sensors/sensors/sensors.cpp:2[m[K:
[01m[K/opt/ros/melodic/include/ros/node_handle.h:315:13:[m[K [01;36m[Knote: [m[Kcandidate: template<class M> ros::Publisher ros::NodeHandle::advertise(const string&, uint32_t, const SubscriberStatusCallback&, const SubscriberStatusCallback&, const VoidConstPtr&, bool)
   Publisher [01;36m[Kadvertise[m[K(const std::string& topic, uint32_t queue_size,
             [01;36m[K^~~~~~~~~[m[K
[01m[K/opt/ros/melodic/include/ros/node_handle.h:315:13:[m[K [01;36m[Knote: [m[K  template argument deduction/substitution failed:
[01m[K/home/mivia/EserciziRobotica/Robotica/WS_CONTROLLER_SENSORS/src/controller_sensors/sensors/sensors.cpp:10:68:[m[K [01;31m[Kerror: [m[Ktemplate argument 1 is invalid
     ros::Publisher p = nH.advertise<std_msgs::String>("rosout",1000[01;31m[K)[m[K;
                                                                    [01;31m[K^[m[K
[01m[K/home/mivia/EserciziRobotica/Robotica/WS_CONTROLLER_SENSORS/src/controller_sensors/sensors/sensors.cpp:14:5:[m[K [01;31m[Kerror: [m[K‘[01m[KDataArray[m[K’ was not declared in this scope
     [01;31m[KDataArray[m[K d;
     [01;31m[K^~~~~~~~~[m[K
[01m[K/home/mivia/EserciziRobotica/Robotica/WS_CONTROLLER_SENSORS/src/controller_sensors/sensors/sensors.cpp:15:2:[m[K [01;31m[Kerror: [m[K‘[01m[Kd[m[K’ was not declared in this scope
  [01;31m[Kd[m[K.s1=rand()%90;
  [01;31m[K^[m[K
make[2]: *** [CMakeFiles/sensors.dir/sensors/sensors.cpp.o] Error 1
make[1]: *** [CMakeFiles/sensors.dir/all] Error 2
make: *** [all] Error 2
