CMakeFiles/controller.dir/controller/controller.cpp.o: In function `chatterCallback(std_msgs::String_<std::allocator<void> > const&)':
controller.cpp:(.text+0x1f): undefined reference to `ros::console::g_initialized'
controller.cpp:(.text+0x2f): undefined reference to `ros::console::initialize()'
controller.cpp:(.text+0x7c): undefined reference to `ros::console::initializeLogLocation(ros::console::LogLocation*, std::__cxx11::basic_string<char, std::char_traits<char>, std::allocator<char> > const&, ros::console::levels::Level)'
controller.cpp:(.text+0xb9): undefined reference to `ros::console::setLogLocationLevel(ros::console::LogLocation*, ros::console::levels::Level)'
controller.cpp:(.text+0xc5): undefined reference to `ros::console::checkLogLocationEnabled(ros::console::LogLocation*)'
controller.cpp:(.text+0x126): undefined reference to `ros::console::print(ros::console::FilterBase*, void*, ros::console::levels::Level, char const*, int, char const*, char const*, ...)'
CMakeFiles/controller.dir/controller/controller.cpp.o: In function `main':
controller.cpp:(.text+0x1e8): undefined reference to `ros::init(int&, char**, std::__cxx11::basic_string<char, std::char_traits<char>, std::allocator<char> > const&, unsigned int)'
controller.cpp:(.text+0x27a): undefined reference to `ros::NodeHandle::NodeHandle(std::__cxx11::basic_string<char, std::char_traits<char>, std::allocator<char> > const&, std::map<std::__cxx11::basic_string<char, std::char_traits<char>, std::allocator<char> >, std::__cxx11::basic_string<char, std::char_traits<char>, std::allocator<char> >, std::less<std::__cxx11::basic_string<char, std::char_traits<char>, std::allocator<char> > >, std::allocator<std::pair<std::__cxx11::basic_string<char, std::char_traits<char>, std::allocator<char> > const, std::__cxx11::basic_string<char, std::char_traits<char>, std::allocator<char> > > > > const&)'
controller.cpp:(.text+0x39b): undefined reference to `ros::spin()'
controller.cpp:(.text+0x3af): undefined reference to `ros::Subscriber::~Subscriber()'
controller.cpp:(.text+0x3be): undefined reference to `ros::NodeHandle::~NodeHandle()'
controller.cpp:(.text+0x47e): undefined reference to `ros::Subscriber::~Subscriber()'
controller.cpp:(.text+0x48d): undefined reference to `ros::NodeHandle::~NodeHandle()'
CMakeFiles/controller.dir/controller/controller.cpp.o: In function `ros::Subscriber ros::NodeHandle::subscribe<std_msgs::String_<std::allocator<void> > const&>(std::__cxx11::basic_string<char, std::char_traits<char>, std::allocator<char> > const&, unsigned int, void (*)(std_msgs::String_<std::allocator<void> > const&), ros::TransportHints const&)':
controller.cpp:(.text._ZN3ros10NodeHandle9subscribeIRKN8std_msgs7String_ISaIvEEEEENS_10SubscriberERKNSt7__cxx1112basic_stringIcSt11char_traitsIcESaIcEEEjPFvT_ERKNS_14TransportHintsE[_ZN3ros10NodeHandle9subscribeIRKN8std_msgs7String_ISaIvEEEEENS_10SubscriberERKNSt7__cxx1112basic_stringIcSt11char_traitsIcESaIcEEEjPFvT_ERKNS_14TransportHintsE]+0x115): undefined reference to `ros::NodeHandle::subscribe(ros::SubscribeOptions&)'
CMakeFiles/controller.dir/controller/controller.cpp.o: In function `ros::SubscriptionCallbackHelperT<std_msgs::String_<std::allocator<void> > const&, void>::deserialize(ros::SubscriptionCallbackHelperDeserializeParams const&)':
controller.cpp:(.text._ZN3ros27SubscriptionCallbackHelperTIRKN8std_msgs7String_ISaIvEEEvE11deserializeERKNS_43SubscriptionCallbackHelperDeserializeParamsE[_ZN3ros27SubscriptionCallbackHelperTIRKN8std_msgs7String_ISaIvEEEvE11deserializeERKNS_43SubscriptionCallbackHelperDeserializeParamsE]+0x61): undefined reference to `ros::console::g_initialized'
controller.cpp:(.text._ZN3ros27SubscriptionCallbackHelperTIRKN8std_msgs7String_ISaIvEEEvE11deserializeERKNS_43SubscriptionCallbackHelperDeserializeParamsE[_ZN3ros27SubscriptionCallbackHelperTIRKN8std_msgs7String_ISaIvEEEvE11deserializeERKNS_43SubscriptionCallbackHelperDeserializeParamsE]+0x71): undefined reference to `ros::console::initialize()'
controller.cpp:(.text._ZN3ros27SubscriptionCallbackHelperTIRKN8std_msgs7String_ISaIvEEEvE11deserializeERKNS_43SubscriptionCallbackHelperDeserializeParamsE[_ZN3ros27SubscriptionCallbackHelperTIRKN8std_msgs7String_ISaIvEEEvE11deserializeERKNS_43SubscriptionCallbackHelperDeserializeParamsE]+0xbe): undefined reference to `ros::console::initializeLogLocation(ros::console::LogLocation*, std::__cxx11::basic_string<char, std::char_traits<char>, std::allocator<char> > const&, ros::console::levels::Level)'
controller.cpp:(.text._ZN3ros27SubscriptionCallbackHelperTIRKN8std_msgs7String_ISaIvEEEvE11deserializeERKNS_43SubscriptionCallbackHelperDeserializeParamsE[_ZN3ros27SubscriptionCallbackHelperTIRKN8std_msgs7String_ISaIvEEEvE11deserializeERKNS_43SubscriptionCallbackHelperDeserializeParamsE]+0xfa): undefined reference to `ros::console::setLogLocationLevel(ros::console::LogLocation*, ros::console::levels::Level)'
controller.cpp:(.text._ZN3ros27SubscriptionCallbackHelperTIRKN8std_msgs7String_ISaIvEEEvE11deserializeERKNS_43SubscriptionCallbackHelperDeserializeParamsE[_ZN3ros27SubscriptionCallbackHelperTIRKN8std_msgs7String_ISaIvEEEvE11deserializeERKNS_43SubscriptionCallbackHelperDeserializeParamsE]+0x106): undefined reference to `ros::console::checkLogLocationEnabled(ros::console::LogLocation*)'
controller.cpp:(.text._ZN3ros27SubscriptionCallbackHelperTIRKN8std_msgs7String_ISaIvEEEvE11deserializeERKNS_43SubscriptionCallbackHelperDeserializeParamsE[_ZN3ros27SubscriptionCallbackHelperTIRKN8std_msgs7String_ISaIvEEEvE11deserializeERKNS_43SubscriptionCallbackHelperDeserializeParamsE]+0x180): undefined reference to `ros::console::print(ros::console::FilterBase*, void*, ros::console::levels::Level, char const*, int, char const*, char const*, ...)'
CMakeFiles/controller.dir/controller/controller.cpp.o: In function `void ros::serialization::Serializer<std::__cxx11::basic_string<char, std::char_traits<char>, std::allocator<char> > >::read<ros::serialization::IStream>(ros::serialization::IStream&, std::__cxx11::basic_string<char, std::char_traits<char>, std::allocator<char> >&)':
controller.cpp:(.text._ZN3ros13serialization10SerializerINSt7__cxx1112basic_stringIcSt11char_traitsIcESaIcEEEE4readINS0_7IStreamEEEvRT_RS7_[_ZN3ros13serialization10SerializerINSt7__cxx1112basic_stringIcSt11char_traitsIcESaIcEEEE4readINS0_7IStreamEEEvRT_RS7_]+0x99): undefined reference to `ros::serialization::throwStreamOverrun()'
CMakeFiles/controller.dir/controller/controller.cpp.o: In function `void ros::serialization::Serializer<unsigned int>::read<ros::serialization::IStream>(ros::serialization::IStream&, unsigned int&)':
controller.cpp:(.text._ZN3ros13serialization10SerializerIjE4readINS0_7IStreamEEEvRT_Rj[_ZN3ros13serialization10SerializerIjE4readINS0_7IStreamEEEvRT_Rj]+0x53): undefined reference to `ros::serialization::throwStreamOverrun()'
collect2: error: ld returned 1 exit status
make[2]: *** [/home/mivia/EserciziRobotica/Robotica/WS_CONTROLLER_SENSORS/devel/.private/controller_sensors/lib/controller_sensors/controller] Error 1
make[1]: *** [CMakeFiles/controller.dir/all] Error 2
make: *** [all] Error 2
