[01m[K/home/mivia/EserciziRobotica/Robotica/WS_CONTROLLER_SENSORS/src/controller_sensors/sensors/sensors.cpp:[m[K In function ‘[01m[Kint main(int, char**)[m[K’:
[01m[K/home/mivia/EserciziRobotica/Robotica/WS_CONTROLLER_SENSORS/src/controller_sensors/sensors/sensors.cpp:19:4:[m[K [01;31m[Kerror: [m[K‘[01m[Kcontroller_sensors::DataArray {aka struct controller_sensors::DataArray_<std::allocator<void> >}[m[K’ has no member named ‘[01m[Ks1[m[K’
  d.[01;31m[Ks1[m[K=rand()%90;
    [01;31m[K^~[m[K
[01m[K/home/mivia/EserciziRobotica/Robotica/WS_CONTROLLER_SENSORS/src/controller_sensors/sensors/sensors.cpp:20:4:[m[K [01;31m[Kerror: [m[K‘[01m[Kcontroller_sensors::DataArray {aka struct controller_sensors::DataArray_<std::allocator<void> >}[m[K’ has no member named ‘[01m[Ks2[m[K’
  d.[01;31m[Ks2[m[K=rand()%90;
    [01;31m[K^~[m[K
[01m[K/home/mivia/EserciziRobotica/Robotica/WS_CONTROLLER_SENSORS/src/controller_sensors/sensors/sensors.cpp:21:7:[m[K [01;31m[Kerror: [m[K‘[01m[Kcontroller_sensors::DataArray {aka struct controller_sensors::DataArray_<std::allocator<void> >}[m[K’ has no member named ‘[01m[Ks3[m[K’
     d.[01;31m[Ks3[m[K=rand()%90;
       [01;31m[K^~[m[K
[01m[K/home/mivia/EserciziRobotica/Robotica/WS_CONTROLLER_SENSORS/src/controller_sensors/sensors/sensors.cpp:22:7:[m[K [01;31m[Kerror: [m[K‘[01m[Kcontroller_sensors::DataArray {aka struct controller_sensors::DataArray_<std::allocator<void> >}[m[K’ has no member named ‘[01m[Ks4[m[K’
     d.[01;31m[Ks4[m[K=rand()%90;
       [01;31m[K^~[m[K
[01m[K/home/mivia/EserciziRobotica/Robotica/WS_CONTROLLER_SENSORS/src/controller_sensors/sensors/sensors.cpp:23:7:[m[K [01;31m[Kerror: [m[K‘[01m[Kcontroller_sensors::DataArray {aka struct controller_sensors::DataArray_<std::allocator<void> >}[m[K’ has no member named ‘[01m[Ks5[m[K’
     d.[01;31m[Ks5[m[K=rand()%90;
       [01;31m[K^~[m[K
[01m[K/home/mivia/EserciziRobotica/Robotica/WS_CONTROLLER_SENSORS/src/controller_sensors/sensors/sensors.cpp:24:7:[m[K [01;31m[Kerror: [m[K‘[01m[Kcontroller_sensors::DataArray {aka struct controller_sensors::DataArray_<std::allocator<void> >}[m[K’ has no member named ‘[01m[Ks6[m[K’
     d.[01;31m[Ks6[m[K=rand()%90;
       [01;31m[K^~[m[K
make[2]: *** [CMakeFiles/sensors.dir/sensors/sensors.cpp.o] Error 1
make[1]: *** [CMakeFiles/sensors.dir/all] Error 2
make: *** [all] Error 2
